20:42:02.937 INFO  manager.ApplicationManager Config file is: config
20:42:02.940 INFO  manager.ApplicationManager Config file full name: src/test/resources/config.properties
20:42:05.125 INFO  manager.ApplicationManager Testing on Chrome Driver
20:43:26.805 INFO  manager.ApplicationManager Base url is:http://trello.com
20:43:26.872 INFO  manager.NGListener Start of the test loginPositiveTest
20:43:26.873 INFO  TestBase Login Positive Test started
20:43:26.899 ERROR manager.MyListener Something went wrong
20:43:26.900 ERROR manager.MyListener no such window: target window already closed
from unknown error: web view not found
  (Session info: chrome=112.0.5615.138)
Build info: version: '3.141.59', revision: 'e82be7d358', time: '2018-11-14T08:17:03'
System info: host: 'JULIA', ip: '192.168.2.186', os.name: 'Windows 11', os.arch: 'amd64', os.version: '10.0', java.version: '1.8.0_333'
Driver info: org.openqa.selenium.chrome.ChromeDriver
Capabilities {acceptInsecureCerts: false, browserName: chrome, browserVersion: 112.0.5615.138, chrome: {chromedriverVersion: 112.0.5615.28 (e01c41304994..., userDataDir: C:\Users\juliy\AppData\Loca...}, goog:chromeOptions: {debuggerAddress: localhost:61455}, javascriptEnabled: true, networkConnectionEnabled: false, pageLoadStrategy: normal, platform: WINDOWS, platformName: WINDOWS, proxy: Proxy(), setWindowRect: true, strictFileInteractability: false, timeouts: {implicit: 0, pageLoad: 300000, script: 30000}, unhandledPromptBehavior: dismiss and notify, webauthn:extension:credBlob: true, webauthn:extension:largeBlob: true, webauthn:extension:minPinLength: true, webauthn:extension:prf: true, webauthn:virtualAuthenticators: true}
Session ID: 6ce893f012bb0280ab1391da41ecd9be
20:43:26.902 ERROR manager.MyListener no such window: target window already closed
from unknown error: web view not found
  (Session info: chrome=112.0.5615.138)
Build info: version: '3.141.59', revision: 'e82be7d358', time: '2018-11-14T08:17:03'
System info: host: 'JULIA', ip: '192.168.2.186', os.name: 'Windows 11', os.arch: 'amd64', os.version: '10.0', java.version: '1.8.0_333'
Driver info: org.openqa.selenium.chrome.ChromeDriver
Capabilities {acceptInsecureCerts: false, browserName: chrome, browserVersion: 112.0.5615.138, chrome: {chromedriverVersion: 112.0.5615.28 (e01c41304994..., userDataDir: C:\Users\juliy\AppData\Loca...}, goog:chromeOptions: {debuggerAddress: localhost:61455}, javascriptEnabled: true, networkConnectionEnabled: false, pageLoadStrategy: normal, platform: WINDOWS, platformName: WINDOWS, proxy: Proxy(), setWindowRect: true, strictFileInteractability: false, timeouts: {implicit: 0, pageLoad: 300000, script: 30000}, unhandledPromptBehavior: dismiss and notify, webauthn:extension:credBlob: true, webauthn:extension:largeBlob: true, webauthn:extension:minPinLength: true, webauthn:extension:prf: true, webauthn:virtualAuthenticators: true}
Session ID: 6ce893f012bb0280ab1391da41ecd9be
20:43:26.906 INFO  manager.NGListener The test failure: org.openqa.selenium.NoSuchWindowException: no such window: target window already closed
from unknown error: web view not found
  (Session info: chrome=112.0.5615.138)
Build info: version: '3.141.59', revision: 'e82be7d358', time: '2018-11-14T08:17:03'
System info: host: 'JULIA', ip: '192.168.2.186', os.name: 'Windows 11', os.arch: 'amd64', os.version: '10.0', java.version: '1.8.0_333'
Driver info: org.openqa.selenium.chrome.ChromeDriver
Capabilities {acceptInsecureCerts: false, browserName: chrome, browserVersion: 112.0.5615.138, chrome: {chromedriverVersion: 112.0.5615.28 (e01c41304994..., userDataDir: C:\Users\juliy\AppData\Loca...}, goog:chromeOptions: {debuggerAddress: localhost:61455}, javascriptEnabled: true, networkConnectionEnabled: false, pageLoadStrategy: normal, platform: WINDOWS, platformName: WINDOWS, proxy: Proxy(), setWindowRect: true, strictFileInteractability: false, timeouts: {implicit: 0, pageLoad: 300000, script: 30000}, unhandledPromptBehavior: dismiss and notify, webauthn:extension:credBlob: true, webauthn:extension:largeBlob: true, webauthn:extension:minPinLength: true, webauthn:extension:prf: true, webauthn:virtualAuthenticators: true}
Session ID: 6ce893f012bb0280ab1391da41ecd9be
