18:54:15.946 INFO  manager.ApplicationManager Config file is: config
18:54:15.948 INFO  manager.ApplicationManager Config file full name: src/test/resources/config.properties
18:54:18.376 INFO  manager.ApplicationManager Testing on Chrome Driver
18:54:20.665 INFO  manager.ApplicationManager Base url is:http://trello.com
18:54:20.724 INFO  manager.NGListener Start of the test loginPositiveTest
18:54:20.725 INFO  TestBase Login Positive Test started
18:54:20.731 INFO  manager.MyListener Start searching element by By.cssSelector: a[href='/login']
18:54:20.751 INFO  manager.MyListener Finish searching element by By.cssSelector: a[href='/login']
18:54:22.646 INFO  manager.MyListener After clicking on [[ChromeDriver: chrome on WINDOWS (269d5a0a47e3d72424649cb3c9834c26)] -> css selector: a[href='/login']]
18:54:22.646 INFO  manager.MyListener Start searching element by By.id: user
18:54:22.662 INFO  manager.MyListener Finish searching element by By.id: user
18:54:22.707 INFO  manager.MyListener After clicking on [[ChromeDriver: chrome on WINDOWS (269d5a0a47e3d72424649cb3c9834c26)] -> id: user]
18:54:22.833 INFO  manager.MyListener Start searching element by By.id: login
18:54:22.850 INFO  manager.MyListener Finish searching element by By.id: login
18:54:22.910 INFO  manager.MyListener After clicking on [[ChromeDriver: chrome on WINDOWS (269d5a0a47e3d72424649cb3c9834c26)] -> id: login]
18:54:24.920 INFO  manager.MyListener Start searching element by By.id: password
18:54:25.804 INFO  manager.MyListener Finish searching element by By.id: password
18:54:25.893 INFO  manager.MyListener After clicking on [[ChromeDriver: chrome on WINDOWS (269d5a0a47e3d72424649cb3c9834c26)] -> id: password]
18:54:26.020 INFO  manager.MyListener Start searching element by By.id: login-submit
18:54:26.054 INFO  manager.MyListener Finish searching element by By.id: login-submit
18:54:26.135 INFO  manager.MyListener After clicking on [[ChromeDriver: chrome on WINDOWS (269d5a0a47e3d72424649cb3c9834c26)] -> id: login-submit]
18:54:28.146 INFO  manager.MyListener Start searching element by By.className: OUdAuicP657Tka
18:54:32.108 INFO  manager.MyListener Finish searching element by By.className: OUdAuicP657Tka
18:54:32.111 INFO  manager.MyListener Start searching element by By.cssSelector: button[data-testid='header-member-menu-button']
18:54:32.323 INFO  manager.MyListener Finish searching element by By.cssSelector: button[data-testid='header-member-menu-button']
18:54:32.656 INFO  manager.MyListener After clicking on [[ChromeDriver: chrome on WINDOWS (269d5a0a47e3d72424649cb3c9834c26)] -> css selector: button[data-testid='header-member-menu-button']]
18:54:32.656 INFO  manager.MyListener Start searching element by By.cssSelector: button[data-testid='account-menu-logout']
18:54:32.775 INFO  manager.MyListener Finish searching element by By.cssSelector: button[data-testid='account-menu-logout']
18:54:34.175 INFO  manager.MyListener After clicking on [[ChromeDriver: chrome on WINDOWS (269d5a0a47e3d72424649cb3c9834c26)] -> css selector: button[data-testid='account-menu-logout']]
18:54:34.175 INFO  manager.MyListener Start searching element by By.id: logout-submit
18:54:34.206 INFO  manager.MyListener Finish searching element by By.id: logout-submit
18:54:35.175 INFO  manager.MyListener After clicking on [[ChromeDriver: chrome on WINDOWS (269d5a0a47e3d72424649cb3c9834c26)] -> id: logout-submit]
18:54:37.187 INFO  TestBase Login Positive Test finished
18:54:37.192 INFO  manager.NGListener The test success: loginPositiveTest
