20:11:02.528 INFO  manager.ApplicationManager Config file is: config
20:11:02.531 INFO  manager.ApplicationManager Config file full name: src/test/resources/config.properties
20:11:04.416 INFO  manager.ApplicationManager Testing on Chrome Driver
20:11:07.435 INFO  manager.ApplicationManager Base url is:http://trello.com
20:11:07.466 INFO  manager.NGListener Start of the test loginPositiveTest
20:11:07.467 INFO  TestBase Login Positive Test started
20:11:07.475 INFO  manager.MyListener Start searching element by By.cssSelector: a[href='/login']
20:11:07.510 INFO  manager.MyListener Finish searching element by By.cssSelector: a[href='/login']
20:11:09.264 INFO  manager.MyListener After clicking on [[ChromeDriver: chrome on WINDOWS (a49c3c2f8febf84e69c850820e5bcb35)] -> css selector: a[href='/login']]
20:11:09.264 INFO  manager.MyListener Start searching element by By.id: user
20:11:09.297 INFO  manager.MyListener Finish searching element by By.id: user
20:11:09.343 INFO  manager.MyListener After clicking on [[ChromeDriver: chrome on WINDOWS (a49c3c2f8febf84e69c850820e5bcb35)] -> id: user]
20:11:09.438 INFO  manager.MyListener Start searching element by By.id: login
20:11:09.463 INFO  manager.MyListener Finish searching element by By.id: login
20:11:09.524 INFO  manager.MyListener After clicking on [[ChromeDriver: chrome on WINDOWS (a49c3c2f8febf84e69c850820e5bcb35)] -> id: login]
20:11:11.533 INFO  manager.MyListener Start searching element by By.id: password
20:11:13.103 INFO  manager.MyListener Finish searching element by By.id: password
20:11:13.157 INFO  manager.MyListener After clicking on [[ChromeDriver: chrome on WINDOWS (a49c3c2f8febf84e69c850820e5bcb35)] -> id: password]
20:11:13.256 INFO  manager.MyListener Start searching element by By.id: login-submit
20:11:13.282 INFO  manager.MyListener Finish searching element by By.id: login-submit
20:11:13.331 INFO  manager.MyListener After clicking on [[ChromeDriver: chrome on WINDOWS (a49c3c2f8febf84e69c850820e5bcb35)] -> id: login-submit]
20:11:15.345 INFO  manager.MyListener Start searching element by By.className: OUdAuicP657Tka
20:11:20.025 INFO  manager.MyListener Finish searching element by By.className: OUdAuicP657Tka
20:11:20.025 INFO  manager.MyListener Start searching element by By.cssSelector: button[data-testid='header-member-menu-button']
20:11:20.053 INFO  manager.MyListener Finish searching element by By.cssSelector: button[data-testid='header-member-menu-button']
20:11:20.403 INFO  manager.MyListener After clicking on [[ChromeDriver: chrome on WINDOWS (a49c3c2f8febf84e69c850820e5bcb35)] -> css selector: button[data-testid='header-member-menu-button']]
20:11:20.403 INFO  manager.MyListener Start searching element by By.cssSelector: button[data-testid='account-menu-logout']
20:11:20.551 INFO  manager.MyListener Finish searching element by By.cssSelector: button[data-testid='account-menu-logout']
20:11:21.705 INFO  manager.MyListener After clicking on [[ChromeDriver: chrome on WINDOWS (a49c3c2f8febf84e69c850820e5bcb35)] -> css selector: button[data-testid='account-menu-logout']]
20:11:21.705 INFO  manager.MyListener Start searching element by By.id: logout-submit
20:11:21.736 INFO  manager.MyListener Finish searching element by By.id: logout-submit
20:11:22.919 INFO  manager.MyListener After clicking on [[ChromeDriver: chrome on WINDOWS (a49c3c2f8febf84e69c850820e5bcb35)] -> id: logout-submit]
20:11:24.923 INFO  TestBase Login Positive Test finished
20:11:24.927 INFO  manager.NGListener The test success: loginPositiveTest
