22:22:39.035 INFO  manager.ApplicationManager Config file is: config
22:22:39.037 INFO  manager.ApplicationManager Config file full name: src/test/resources/config.properties
22:22:41.066 INFO  manager.ApplicationManager Testing on Chrome Driver
22:22:44.245 INFO  manager.ApplicationManager Base url is:http://trello.com
22:22:44.282 INFO  manager.NGListener Start of the test loginPositiveTest
22:22:44.282 INFO  TestBase Login Positive Test started
22:22:44.292 INFO  manager.MyListener Start searching element by By.cssSelector: a[href='/login']
22:22:44.315 INFO  manager.MyListener Finish searching element by By.cssSelector: a[href='/login']
22:22:46.281 INFO  manager.MyListener After clicking on [[ChromeDriver: chrome on WINDOWS (c929c85e0967d9807c14fc43d5f5780e)] -> css selector: a[href='/login']]
22:22:46.282 INFO  manager.MyListener Start searching element by By.id: user
22:22:46.304 INFO  manager.MyListener Finish searching element by By.id: user
22:22:46.367 INFO  manager.MyListener After clicking on [[ChromeDriver: chrome on WINDOWS (c929c85e0967d9807c14fc43d5f5780e)] -> id: user]
22:22:46.468 INFO  manager.MyListener Start searching element by By.id: login
22:22:46.488 INFO  manager.MyListener Finish searching element by By.id: login
22:22:46.534 INFO  manager.MyListener After clicking on [[ChromeDriver: chrome on WINDOWS (c929c85e0967d9807c14fc43d5f5780e)] -> id: login]
22:22:48.542 INFO  manager.MyListener Start searching element by By.id: password
22:22:50.148 INFO  manager.MyListener Finish searching element by By.id: password
22:22:50.204 INFO  manager.MyListener After clicking on [[ChromeDriver: chrome on WINDOWS (c929c85e0967d9807c14fc43d5f5780e)] -> id: password]
22:22:50.329 INFO  manager.MyListener Start searching element by By.id: login-submit
22:22:50.358 INFO  manager.MyListener Finish searching element by By.id: login-submit
22:22:50.405 INFO  manager.MyListener After clicking on [[ChromeDriver: chrome on WINDOWS (c929c85e0967d9807c14fc43d5f5780e)] -> id: login-submit]
22:22:52.417 INFO  manager.MyListener Start searching element by By.className: OUdAuicP657Tka
22:22:56.844 INFO  manager.MyListener Finish searching element by By.className: OUdAuicP657Tka
22:22:56.848 INFO  manager.MyListener Start searching element by By.cssSelector: button[data-testid='header-member-menu-button']
22:22:56.931 INFO  manager.MyListener Finish searching element by By.cssSelector: button[data-testid='header-member-menu-button']
22:22:57.240 INFO  manager.MyListener After clicking on [[ChromeDriver: chrome on WINDOWS (c929c85e0967d9807c14fc43d5f5780e)] -> css selector: button[data-testid='header-member-menu-button']]
22:22:57.240 INFO  manager.MyListener Start searching element by By.cssSelector: button[data-testid='account-menu-logout']
22:22:57.320 INFO  manager.MyListener Finish searching element by By.cssSelector: button[data-testid='account-menu-logout']
22:22:58.469 INFO  manager.MyListener After clicking on [[ChromeDriver: chrome on WINDOWS (c929c85e0967d9807c14fc43d5f5780e)] -> css selector: button[data-testid='account-menu-logout']]
22:22:58.469 INFO  manager.MyListener Start searching element by By.id: logout-submit
22:22:58.494 INFO  manager.MyListener Finish searching element by By.id: logout-submit
22:22:59.500 INFO  manager.MyListener After clicking on [[ChromeDriver: chrome on WINDOWS (c929c85e0967d9807c14fc43d5f5780e)] -> id: logout-submit]
22:23:01.510 INFO  TestBase Login Positive Test finished
22:23:01.513 INFO  manager.NGListener The test success: loginPositiveTest
