19:10:15.703 INFO  manager.ApplicationManager Config file is: config
19:10:15.706 INFO  manager.ApplicationManager Config file full name: src/test/resources/config.properties
19:10:17.663 INFO  manager.ApplicationManager Testing on Chrome Driver
19:10:20.647 INFO  manager.ApplicationManager Base url is:http://trello.com
19:10:20.682 INFO  manager.NGListener Start of the test loginPositiveTest
19:10:20.683 INFO  TestBase Login Positive Test started
19:10:20.691 INFO  manager.MyListener Start searching element by By.cssSelector: a[href='/login']
19:10:20.713 INFO  manager.MyListener Finish searching element by By.cssSelector: a[href='/login']
19:10:25.946 INFO  manager.MyListener After clicking on [[ChromeDriver: chrome on WINDOWS (a8fcf62c7451ff2d8d7437a3d0e166bc)] -> css selector: a[href='/login']]
19:10:25.946 INFO  manager.MyListener Start searching element by By.id: user
19:10:25.967 INFO  manager.MyListener Finish searching element by By.id: user
19:10:26.011 INFO  manager.MyListener After clicking on [[ChromeDriver: chrome on WINDOWS (a8fcf62c7451ff2d8d7437a3d0e166bc)] -> id: user]
19:10:26.123 INFO  manager.MyListener Start searching element by By.id: login
19:10:26.139 INFO  manager.MyListener Finish searching element by By.id: login
19:10:26.192 INFO  manager.MyListener After clicking on [[ChromeDriver: chrome on WINDOWS (a8fcf62c7451ff2d8d7437a3d0e166bc)] -> id: login]
19:10:28.201 INFO  manager.MyListener Start searching element by By.id: password
19:10:30.227 INFO  manager.MyListener Finish searching element by By.id: password
19:10:30.282 INFO  manager.MyListener After clicking on [[ChromeDriver: chrome on WINDOWS (a8fcf62c7451ff2d8d7437a3d0e166bc)] -> id: password]
19:10:30.402 INFO  manager.MyListener Start searching element by By.id: login-submit
19:10:30.418 INFO  manager.MyListener Finish searching element by By.id: login-submit
19:10:30.470 INFO  manager.MyListener After clicking on [[ChromeDriver: chrome on WINDOWS (a8fcf62c7451ff2d8d7437a3d0e166bc)] -> id: login-submit]
19:10:32.475 INFO  manager.MyListener Start searching element by By.className: OUdAuicP657Tka
19:10:39.442 INFO  manager.MyListener Finish searching element by By.className: OUdAuicP657Tka
19:10:39.446 INFO  manager.MyListener Start searching element by By.cssSelector: button[data-testid='header-member-menu-button']
19:10:39.530 INFO  manager.MyListener Finish searching element by By.cssSelector: button[data-testid='header-member-menu-button']
19:10:39.926 INFO  manager.MyListener After clicking on [[ChromeDriver: chrome on WINDOWS (a8fcf62c7451ff2d8d7437a3d0e166bc)] -> css selector: button[data-testid='header-member-menu-button']]
19:10:39.926 INFO  manager.MyListener Start searching element by By.cssSelector: button[data-testid='account-menu-logout']
19:10:40.080 INFO  manager.MyListener Finish searching element by By.cssSelector: button[data-testid='account-menu-logout']
19:10:41.481 INFO  manager.MyListener After clicking on [[ChromeDriver: chrome on WINDOWS (a8fcf62c7451ff2d8d7437a3d0e166bc)] -> css selector: button[data-testid='account-menu-logout']]
19:10:41.481 INFO  manager.MyListener Start searching element by By.id: logout-submit
19:10:41.503 INFO  manager.MyListener Finish searching element by By.id: logout-submit
19:10:42.939 INFO  manager.MyListener After clicking on [[ChromeDriver: chrome on WINDOWS (a8fcf62c7451ff2d8d7437a3d0e166bc)] -> id: logout-submit]
19:10:44.954 INFO  TestBase Login Positive Test finished
19:10:44.957 INFO  manager.NGListener The test success: loginPositiveTest
