20:29:04.671 INFO  manager.ApplicationManager Config file is: config
20:29:04.673 INFO  manager.ApplicationManager Config file full name: src/test/resources/config.properties
20:29:06.626 INFO  manager.ApplicationManager Testing on Chrome Driver
20:29:08.595 INFO  manager.ApplicationManager Base url is:http://trello.com
20:29:08.624 INFO  manager.NGListener Start of the test loginPositiveTest
20:29:08.625 INFO  TestBase Login Positive Test started
20:29:08.635 INFO  manager.MyListener Start searching element by By.cssSelector: a[href='/login']
20:29:08.659 INFO  manager.MyListener Finish searching element by By.cssSelector: a[href='/login']
20:29:10.179 INFO  manager.MyListener After clicking on [[ChromeDriver: chrome on WINDOWS (3c2114f563e68b80e577f343c1a4df52)] -> css selector: a[href='/login']]
20:29:10.179 INFO  manager.MyListener Start searching element by By.id: user
20:29:10.198 INFO  manager.MyListener Finish searching element by By.id: user
20:29:10.249 INFO  manager.MyListener After clicking on [[ChromeDriver: chrome on WINDOWS (3c2114f563e68b80e577f343c1a4df52)] -> id: user]
20:29:10.354 INFO  manager.MyListener Start searching element by By.id: login
20:29:10.368 INFO  manager.MyListener Finish searching element by By.id: login
20:29:10.422 INFO  manager.MyListener After clicking on [[ChromeDriver: chrome on WINDOWS (3c2114f563e68b80e577f343c1a4df52)] -> id: login]
20:29:12.424 INFO  manager.MyListener Start searching element by By.id: password
20:29:13.650 INFO  manager.MyListener Finish searching element by By.id: password
20:29:13.718 INFO  manager.MyListener After clicking on [[ChromeDriver: chrome on WINDOWS (3c2114f563e68b80e577f343c1a4df52)] -> id: password]
20:29:13.834 INFO  manager.MyListener Start searching element by By.id: login-submit
20:29:13.847 INFO  manager.MyListener Finish searching element by By.id: login-submit
20:29:13.905 INFO  manager.MyListener After clicking on [[ChromeDriver: chrome on WINDOWS (3c2114f563e68b80e577f343c1a4df52)] -> id: login-submit]
20:29:15.906 INFO  manager.MyListener Start searching element by By.className: OUdAuicP657Tka
20:29:19.848 INFO  manager.MyListener Finish searching element by By.className: OUdAuicP657Tka
20:29:19.851 INFO  manager.MyListener Start searching element by By.cssSelector: button[data-testid='header-member-menu-button']
20:29:20.018 INFO  manager.MyListener Finish searching element by By.cssSelector: button[data-testid='header-member-menu-button']
20:29:20.243 INFO  manager.MyListener After clicking on [[ChromeDriver: chrome on WINDOWS (3c2114f563e68b80e577f343c1a4df52)] -> css selector: button[data-testid='header-member-menu-button']]
20:29:20.243 INFO  manager.MyListener Start searching element by By.cssSelector: button[data-testid='account-menu-logout']
20:29:20.331 INFO  manager.MyListener Finish searching element by By.cssSelector: button[data-testid='account-menu-logout']
20:29:21.333 INFO  manager.MyListener After clicking on [[ChromeDriver: chrome on WINDOWS (3c2114f563e68b80e577f343c1a4df52)] -> css selector: button[data-testid='account-menu-logout']]
20:29:21.333 INFO  manager.MyListener Start searching element by By.id: logout-submit
20:29:21.350 INFO  manager.MyListener Finish searching element by By.id: logout-submit
20:29:22.299 INFO  manager.MyListener After clicking on [[ChromeDriver: chrome on WINDOWS (3c2114f563e68b80e577f343c1a4df52)] -> id: logout-submit]
20:29:24.304 INFO  TestBase Login Positive Test finished
20:29:24.309 INFO  manager.NGListener The test success: loginPositiveTest
