21:07:21.649 INFO  manager.ApplicationManager Config file is: config
21:07:21.651 INFO  manager.ApplicationManager Config file full name: src/test/resources/config.properties
21:07:23.492 INFO  manager.ApplicationManager Testing on Chrome Driver
21:07:25.667 INFO  manager.ApplicationManager Base url is:http://trello.com
21:07:25.711 INFO  manager.NGListener Start of the test loginPositiveTest
21:07:25.712 INFO  TestBase Login Positive Test started
21:07:25.724 INFO  manager.MyListener Start searching element by By.cssSelector: a[href='/login']
21:07:25.739 INFO  manager.MyListener Finish searching element by By.cssSelector: a[href='/login']
21:07:27.377 INFO  manager.MyListener After clicking on [[ChromeDriver: chrome on WINDOWS (1c90ed80876c08e15ad5ffefddd1d661)] -> css selector: a[href='/login']]
21:07:27.378 INFO  manager.MyListener Start searching element by By.id: user
21:07:27.396 INFO  manager.MyListener Finish searching element by By.id: user
21:07:27.457 INFO  manager.MyListener After clicking on [[ChromeDriver: chrome on WINDOWS (1c90ed80876c08e15ad5ffefddd1d661)] -> id: user]
21:07:27.538 INFO  manager.MyListener Start searching element by By.id: login
21:07:27.549 INFO  manager.MyListener Finish searching element by By.id: login
21:07:27.596 INFO  manager.MyListener After clicking on [[ChromeDriver: chrome on WINDOWS (1c90ed80876c08e15ad5ffefddd1d661)] -> id: login]
21:07:29.610 INFO  manager.MyListener Start searching element by By.id: password
21:07:30.433 INFO  manager.MyListener Finish searching element by By.id: password
21:07:30.491 INFO  manager.MyListener After clicking on [[ChromeDriver: chrome on WINDOWS (1c90ed80876c08e15ad5ffefddd1d661)] -> id: password]
21:07:30.584 INFO  manager.MyListener Start searching element by By.id: login-submit
21:07:30.599 INFO  manager.MyListener Finish searching element by By.id: login-submit
21:07:30.644 INFO  manager.MyListener After clicking on [[ChromeDriver: chrome on WINDOWS (1c90ed80876c08e15ad5ffefddd1d661)] -> id: login-submit]
21:07:32.652 INFO  manager.MyListener Start searching element by By.className: OUdAuicP657Tka
21:07:35.789 INFO  manager.MyListener Finish searching element by By.className: OUdAuicP657Tka
21:07:35.791 INFO  manager.MyListener Start searching element by By.cssSelector: button[data-testid='header-member-menu-button']
21:07:36.011 INFO  manager.MyListener Finish searching element by By.cssSelector: button[data-testid='header-member-menu-button']
21:07:36.170 INFO  manager.MyListener After clicking on [[ChromeDriver: chrome on WINDOWS (1c90ed80876c08e15ad5ffefddd1d661)] -> css selector: button[data-testid='header-member-menu-button']]
21:07:36.170 INFO  manager.MyListener Start searching element by By.cssSelector: button[data-testid='account-menu-logout']
21:07:36.284 INFO  manager.MyListener Finish searching element by By.cssSelector: button[data-testid='account-menu-logout']
21:07:37.269 INFO  manager.MyListener After clicking on [[ChromeDriver: chrome on WINDOWS (1c90ed80876c08e15ad5ffefddd1d661)] -> css selector: button[data-testid='account-menu-logout']]
21:07:37.269 INFO  manager.MyListener Start searching element by By.id: logout-submit
21:07:37.284 INFO  manager.MyListener Finish searching element by By.id: logout-submit
21:07:38.204 INFO  manager.MyListener After clicking on [[ChromeDriver: chrome on WINDOWS (1c90ed80876c08e15ad5ffefddd1d661)] -> id: logout-submit]
21:07:40.207 INFO  TestBase Login Positive Test finished
21:07:40.209 INFO  manager.NGListener The test success: loginPositiveTest
